2017-07-17 23:30:35,747 - smtp - INFO - fileOutput.txt was created.
2017-07-17 23:30:35,749 - smtp - INFO - Queries database for new tweets
2017-07-17 23:30:35,752 - smtp - INFO - Set tweets to mailed=1
2017-07-17 23:30:36,185 - smtp - INFO - Sent Email
2017-07-17 23:31:16,586 - __main__ - INFO - fileOutput.txt was created.
2017-07-17 23:31:16,588 - __main__ - INFO - Queries database for new tweets
2017-07-17 23:31:16,591 - __main__ - INFO - Set tweets to mailed=1
2017-07-17 23:31:17,031 - __main__ - INFO - Sent Email
2017-07-17 23:35:45,687 - smtp - INFO - Queries database for new tweets
2017-07-17 23:35:45,692 - smtp - INFO - Set tweets to mailed=1
2017-07-17 23:35:46,125 - smtp - INFO - Sent Email
2017-07-17 23:38:20,304 - smtp - INFO - fileOutput.txt was created.
2017-07-17 23:38:20,306 - smtp - INFO - Queries database for new tweets
2017-07-17 23:38:20,312 - smtp - INFO - Set tweets to mailed=1
2017-07-17 23:38:20,312 - smtp - INFO - Running UpdateFile()
2017-07-17 23:38:20,870 - smtp - INFO - Sent Email
2017-07-17 23:40:12,905 - smtp - INFO - fileOutput.txt was created.
2017-07-17 23:40:12,909 - smtp - INFO - Queries database for new tweets
2017-07-17 23:40:12,914 - smtp - INFO - Set tweets to mailed=1
2017-07-17 23:40:12,914 - smtp - INFO - Running UpdateFile()
2017-07-17 23:40:13,382 - smtp - INFO - Sent Email
2017-07-17 23:43:13,936 - smtp - INFO - fileOutput.txt was created.
2017-07-17 23:43:13,940 - smtp - INFO - Queries database for new tweets
2017-07-17 23:43:13,945 - smtp - INFO - Set tweets to mailed=1
2017-07-17 23:43:13,945 - smtp - INFO - Running UpdateFile()
2017-07-17 23:43:14,395 - smtp - INFO - Sent Email
