
2017-07-31 23:20:52,419 - __main__ - INFO - ++ Starting User: jasonisbell
2017-07-31 23:20:52,717 - __main__ - INFO - ++ Got Timeline for jasonisbell with last tweetId [u'892221791216820224']
2017-07-31 23:20:52,717 - __main__ - INFO - ++ Starting User: neverminding
2017-07-31 23:20:52,856 - __main__ - INFO - ++ Got Timeline for neverminding with last tweetId [u'892074199912677376']
2017-07-31 23:20:52,856 - __main__ - INFO - ++ Starting User: amandashires
2017-07-31 23:20:52,946 - __main__ - INFO - ++ Got Timeline for amandashires with last tweetId [u'889825742128893952']
2017-07-31 23:20:52,946 - __main__ - INFO - ++ Starting User: meganamram
2017-07-31 23:20:53,109 - __main__ - INFO - ++ Got Timeline for meganamram with last tweetId [u'892153951772065793']
2017-07-31 23:20:53,109 - __main__ - INFO - -- Update finished.
2017-07-31 23:21:08,733 - __main__ - INFO - ++ Starting User: jasonisbell
2017-07-31 23:21:09,124 - __main__ - INFO - ++ Got Timeline for jasonisbell with last tweetId [u'892221791216820224']
2017-07-31 23:21:09,124 - __main__ - INFO - ++ Starting User: neverminding
2017-07-31 23:21:09,339 - __main__ - INFO - ++ Got Timeline for neverminding with last tweetId [u'892074199912677376']
2017-07-31 23:21:09,339 - __main__ - INFO - ++ Starting User: amandashires
2017-07-31 23:21:09,423 - __main__ - INFO - ++ Got Timeline for amandashires with last tweetId [u'889825742128893952']
2017-07-31 23:21:09,423 - __main__ - INFO - ++ Starting User: meganamram
2017-07-31 23:21:09,551 - __main__ - INFO - ++ Got Timeline for meganamram with last tweetId [u'892153951772065793']
2017-07-31 23:21:09,551 - __main__ - INFO - -- Update finished.
2017-07-31 23:25:32,549 - __main__ - INFO - ++ Starting User: jasonisbell
2017-07-31 23:25:32,862 - __main__ - INFO - ++ Got Timeline for jasonisbell with last tweetId [u'892221791216820224']
2017-07-31 23:25:32,866 - __main__ - INFO - ++ Starting User: neverminding
2017-07-31 23:25:33,001 - __main__ - INFO - ++ Got Timeline for neverminding with last tweetId [u'892074199912677376']
2017-07-31 23:25:33,001 - __main__ - INFO - ++ Starting User: amandashires
2017-07-31 23:25:33,095 - __main__ - INFO - ++ Got Timeline for amandashires with last tweetId [u'889825742128893952']
2017-07-31 23:25:33,095 - __main__ - INFO - ++ Starting User: meganamram
2017-07-31 23:25:33,220 - __main__ - INFO - ++ Got Timeline for meganamram with last tweetId [u'892153951772065793']
2017-07-31 23:25:33,220 - __main__ - INFO - -- Update finished.
2017-07-31 23:42:46,341 - __main__ - INFO - ++ Starting User: jasonisbell
2017-07-31 23:42:46,635 - __main__ - INFO - ++ Got Timeline for jasonisbell with last tweetId [u'892224221610422273']
2017-07-31 23:42:46,635 - __main__ - INFO - ++ Starting User: neverminding
2017-07-31 23:42:46,753 - __main__ - INFO - ++ Got Timeline for neverminding with last tweetId [u'892074199912677376']
2017-07-31 23:42:46,753 - __main__ - INFO - ++ Starting User: amandashires
2017-07-31 23:42:46,891 - __main__ - INFO - ++ Got Timeline for amandashires with last tweetId [u'889825742128893952']
2017-07-31 23:42:46,891 - __main__ - INFO - ++ Starting User: meganamram
2017-07-31 23:42:47,078 - __main__ - INFO - ++ Got Timeline for meganamram with last tweetId [u'892153951772065793']
2017-07-31 23:42:47,078 - __main__ - INFO - -- Update finished.
2017-08-01 00:39:26,282 - __main__ - INFO - ++ Starting User: jasonisbell
2017-08-01 00:39:26,650 - __main__ - INFO - ++ Got Timeline for jasonisbell with last tweetId [u'892224221610422273']
2017-08-01 00:39:26,650 - __main__ - INFO - ++ Starting User: neverminding
2017-08-01 00:39:26,780 - __main__ - INFO - ++ Got Timeline for neverminding with last tweetId [u'892074199912677376']
2017-08-01 00:39:26,780 - __main__ - INFO - ++ Starting User: amandashires
2017-08-01 00:39:26,869 - __main__ - INFO - ++ Got Timeline for amandashires with last tweetId [u'889825742128893952']
2017-08-01 00:39:26,870 - __main__ - INFO - ++ Starting User: meganamram
2017-08-01 00:39:26,968 - __main__ - INFO - ++ Got Timeline for meganamram with last tweetId [u'892153951772065793']
2017-08-01 00:39:26,968 - __main__ - INFO - -- Update finished.
2017-08-01 00:50:01,819 - __main__ - INFO - ++ Starting User: jasonisbell
2017-08-01 00:50:02,131 - __main__ - INFO - ++ Got Timeline for jasonisbell with last tweetId [u'892224221610422273']
2017-08-01 00:50:02,131 - __main__ - INFO - ++ Starting User: neverminding
2017-08-01 00:50:02,324 - __main__ - INFO - ++ Got Timeline for neverminding with last tweetId [u'892074199912677376']
2017-08-01 00:50:02,324 - __main__ - INFO - ++ Starting User: amandashires
2017-08-01 00:50:02,409 - __main__ - INFO - ++ Got Timeline for amandashires with last tweetId [u'889825742128893952']
2017-08-01 00:50:02,409 - __main__ - INFO - ++ Starting User: meganamram
2017-08-01 00:50:02,559 - __main__ - INFO - ++ Got Timeline for meganamram with last tweetId [u'892153951772065793']
2017-08-01 00:50:02,559 - __main__ - INFO - -- Update finished.
2017-08-01 01:00:01,888 - __main__ - INFO - ++ Starting User: jasonisbell
2017-08-01 01:00:02,191 - __main__ - INFO - ++ Got Timeline for jasonisbell with last tweetId [u'892224221610422273']
2017-08-01 01:00:02,191 - __main__ - INFO - ++ Starting User: neverminding
2017-08-01 01:00:02,533 - __main__ - INFO - ++ Got Timeline for neverminding with last tweetId [u'892074199912677376']
2017-08-01 01:00:02,534 - __main__ - INFO - ++ Starting User: amandashires
2017-08-01 01:00:02,618 - __main__ - INFO - ++ Got Timeline for amandashires with last tweetId [u'889825742128893952']
2017-08-01 01:00:02,618 - __main__ - INFO - ++ Starting User: meganamram
2017-08-01 01:00:02,786 - __main__ - INFO - ++ Got Timeline for meganamram with last tweetId [u'892153951772065793']
2017-08-01 01:00:02,786 - __main__ - INFO - -- Update finished.
2017-08-01 01:10:01,946 - __main__ - INFO - ++ Starting User: jasonisbell
2017-08-01 01:10:02,237 - __main__ - INFO - ++ Got Timeline for jasonisbell with last tweetId [u'892224221610422273']
2017-08-01 01:10:02,237 - __main__ - INFO - ++ Starting User: neverminding
2017-08-01 01:10:02,409 - __main__ - INFO - ++ Got Timeline for neverminding with last tweetId [u'892074199912677376']
2017-08-01 01:10:02,409 - __main__ - INFO - ++ Starting User: amandashires
2017-08-01 01:10:02,506 - __main__ - INFO - ++ Got Timeline for amandashires with last tweetId [u'889825742128893952']
2017-08-01 01:10:02,506 - __main__ - INFO - ++ Starting User: meganamram
2017-08-01 01:10:02,725 - __main__ - INFO - ++ Got Timeline for meganamram with last tweetId [u'892153951772065793']
2017-08-01 01:10:02,726 - __main__ - INFO - -- Update finished.
2017-08-01 01:20:02,013 - __main__ - INFO - ++ Starting User: jasonisbell
2017-08-01 01:20:02,556 - __main__ - INFO - ++ Got Timeline for jasonisbell with last tweetId [u'892224221610422273']
2017-08-01 01:20:02,557 - __main__ - INFO - ++ Starting User: neverminding
2017-08-01 01:20:02,839 - __main__ - INFO - ++ Got Timeline for neverminding with last tweetId [u'892074199912677376']
2017-08-01 01:20:02,839 - __main__ - INFO - ++ Starting User: amandashires
2017-08-01 01:20:03,012 - __main__ - INFO - ++ Got Timeline for amandashires with last tweetId [u'889825742128893952']
2017-08-01 01:20:03,012 - __main__ - INFO - ++ Starting User: meganamram
2017-08-01 01:20:03,148 - __main__ - INFO - ++ Got Timeline for meganamram with last tweetId [u'892153951772065793']
2017-08-01 01:20:03,148 - __main__ - INFO - -- Update finished.
2017-08-01 01:30:02,076 - __main__ - INFO - ++ Starting User: jasonisbell
2017-08-01 01:30:02,363 - __main__ - INFO - ++ Got Timeline for jasonisbell with last tweetId [u'892224221610422273']
2017-08-01 01:30:02,363 - __main__ - INFO - ++ Starting User: neverminding
2017-08-01 01:30:02,616 - __main__ - INFO - ++ Got Timeline for neverminding with last tweetId [u'892074199912677376']
2017-08-01 01:30:02,616 - __main__ - INFO - ++ Starting User: amandashires
2017-08-01 01:30:02,833 - __main__ - INFO - ++ Got Timeline for amandashires with last tweetId [u'889825742128893952']
2017-08-01 01:30:02,833 - __main__ - INFO - ++ Starting User: meganamram
2017-08-01 01:30:02,941 - __main__ - INFO - ++ Got Timeline for meganamram with last tweetId [u'892153951772065793']
2017-08-01 01:30:02,941 - __main__ - INFO - -- Update finished.
2017-08-01 01:40:01,148 - __main__ - INFO - ++ Starting User: jasonisbell
2017-08-01 01:40:01,447 - __main__ - INFO - ++ Got Timeline for jasonisbell with last tweetId [u'892224221610422273']
2017-08-01 01:40:01,447 - __main__ - INFO - ++ Starting User: neverminding
2017-08-01 01:40:02,020 - __main__ - INFO - ++ Got Timeline for neverminding with last tweetId [u'892074199912677376']
2017-08-01 01:40:02,020 - __main__ - INFO - ++ Starting User: amandashires
2017-08-01 01:40:02,269 - __main__ - INFO - ++ Got Timeline for amandashires with last tweetId [u'889825742128893952']
2017-08-01 01:40:02,269 - __main__ - INFO - ++ Starting User: meganamram
2017-08-01 01:40:02,380 - __main__ - INFO - ++ Got Timeline for meganamram with last tweetId [u'892153951772065793']
2017-08-01 01:40:02,382 - __main__ - INFO - -- Update finished.
2017-08-01 01:50:01,156 - __main__ - INFO - ++ Starting User: jasonisbell
2017-08-01 01:50:01,456 - __main__ - INFO - ++ Got Timeline for jasonisbell with last tweetId [u'892224221610422273']
2017-08-01 01:50:01,456 - __main__ - INFO - ++ Starting User: neverminding
2017-08-01 01:50:01,586 - __main__ - INFO - ++ Got Timeline for neverminding with last tweetId [u'892074199912677376']
2017-08-01 01:50:01,587 - __main__ - INFO - ++ Starting User: amandashires
2017-08-01 01:50:01,882 - __main__ - INFO - ++ Got Timeline for amandashires with last tweetId [u'889825742128893952']
2017-08-01 01:50:01,882 - __main__ - INFO - ++ Starting User: meganamram
2017-08-01 01:50:01,987 - __main__ - INFO - ++ Got Timeline for meganamram with last tweetId [u'892256100094849025']
2017-08-01 01:50:01,988 - __main__ - INFO - -- Update finished.
2017-08-01 02:00:01,239 - __main__ - INFO - ++ Starting User: jasonisbell
2017-08-01 02:00:01,558 - __main__ - INFO - ++ Got Timeline for jasonisbell with last tweetId [u'892224221610422273']
2017-08-01 02:00:01,558 - __main__ - INFO - ++ Starting User: neverminding
2017-08-01 02:00:01,667 - __main__ - INFO - ++ Got Timeline for neverminding with last tweetId [u'892074199912677376']
2017-08-01 02:00:01,667 - __main__ - INFO - ++ Starting User: amandashires
2017-08-01 02:00:01,751 - __main__ - INFO - ++ Got Timeline for amandashires with last tweetId [u'889825742128893952']
2017-08-01 02:00:01,751 - __main__ - INFO - ++ Starting User: meganamram
2017-08-01 02:00:02,084 - __main__ - INFO - ++ Got Timeline for meganamram with last tweetId [u'892256100094849025']
2017-08-01 02:00:02,084 - __main__ - INFO - -- Update finished.
2017-08-01 02:10:01,301 - __main__ - INFO - ++ Starting User: jasonisbell
2017-08-01 02:10:01,592 - __main__ - INFO - ++ Got Timeline for jasonisbell with last tweetId [u'892224221610422273']
2017-08-01 02:10:01,593 - __main__ - INFO - ++ Starting User: neverminding
2017-08-01 02:10:01,943 - __main__ - INFO - ++ Got Timeline for neverminding with last tweetId [u'892074199912677376']
2017-08-01 02:10:01,943 - __main__ - INFO - ++ Starting User: amandashires
2017-08-01 02:10:02,117 - __main__ - INFO - ++ Got Timeline for amandashires with last tweetId [u'889825742128893952']
2017-08-01 02:10:02,118 - __main__ - INFO - ++ Starting User: meganamram
2017-08-01 02:10:02,229 - __main__ - INFO - ++ Got Timeline for meganamram with last tweetId [u'892256100094849025']
2017-08-01 02:10:02,229 - __main__ - INFO - -- Update finished.
2017-08-01 02:20:01,344 - __main__ - INFO - ++ Starting User: jasonisbell
2017-08-01 02:20:01,689 - __main__ - INFO - ++ Got Timeline for jasonisbell with last tweetId [u'892224221610422273']
2017-08-01 02:20:01,690 - __main__ - INFO - ++ Starting User: neverminding
2017-08-01 02:20:02,052 - __main__ - INFO - ++ Got Timeline for neverminding with last tweetId [u'892074199912677376']
2017-08-01 02:20:02,052 - __main__ - INFO - ++ Starting User: amandashires
2017-08-01 02:20:02,138 - __main__ - INFO - ++ Got Timeline for amandashires with last tweetId [u'889825742128893952']
2017-08-01 02:20:02,139 - __main__ - INFO - ++ Starting User: meganamram
2017-08-01 02:20:02,233 - __main__ - INFO - ++ Got Timeline for meganamram with last tweetId [u'892256100094849025']
2017-08-01 02:20:02,233 - __main__ - INFO - -- Update finished.
2017-08-01 02:30:01,414 - __main__ - INFO - ++ Starting User: jasonisbell
2017-08-01 02:30:01,721 - __main__ - INFO - ++ Got Timeline for jasonisbell with last tweetId [u'892224221610422273']
2017-08-01 02:30:01,721 - __main__ - INFO - ++ Starting User: neverminding
2017-08-01 02:30:01,855 - __main__ - INFO - ++ Got Timeline for neverminding with last tweetId [u'892074199912677376']
2017-08-01 02:30:01,855 - __main__ - INFO - ++ Starting User: amandashires
2017-08-01 02:30:02,024 - __main__ - INFO - ++ Got Timeline for amandashires with last tweetId [u'889825742128893952']
2017-08-01 02:30:02,024 - __main__ - INFO - ++ Starting User: meganamram
2017-08-01 02:30:02,109 - __main__ - INFO - ++ Got Timeline for meganamram with last tweetId [u'892256100094849025']
2017-08-01 02:30:02,110 - __main__ - INFO - -- Update finished.
2017-08-01 02:40:01,478 - __main__ - INFO - ++ Starting User: jasonisbell
2017-08-01 02:40:02,167 - __main__ - INFO - ++ Got Timeline for jasonisbell with last tweetId [u'892224221610422273']
2017-08-01 02:40:02,168 - __main__ - INFO - ++ Starting User: neverminding
2017-08-01 02:40:02,295 - __main__ - INFO - ++ Got Timeline for neverminding with last tweetId [u'892074199912677376']
2017-08-01 02:40:02,295 - __main__ - INFO - ++ Starting User: amandashires
2017-08-01 02:40:02,400 - __main__ - INFO - ++ Got Timeline for amandashires with last tweetId [u'889825742128893952']
2017-08-01 02:40:02,400 - __main__ - INFO - ++ Starting User: meganamram
2017-08-01 02:40:02,510 - __main__ - INFO - ++ Got Timeline for meganamram with last tweetId [u'892256100094849025']
2017-08-01 02:40:02,510 - __main__ - INFO - -- Update finished.
2017-08-01 02:50:01,537 - __main__ - INFO - ++ Starting User: jasonisbell
2017-08-01 02:50:01,821 - __main__ - INFO - ++ Got Timeline for jasonisbell with last tweetId [u'892224221610422273']
2017-08-01 02:50:01,821 - __main__ - INFO - ++ Starting User: neverminding
2017-08-01 02:50:01,946 - __main__ - INFO - ++ Got Timeline for neverminding with last tweetId [u'892074199912677376']
2017-08-01 02:50:01,946 - __main__ - INFO - ++ Starting User: amandashires
2017-08-01 02:50:02,041 - __main__ - INFO - ++ Got Timeline for amandashires with last tweetId [u'889825742128893952']
2017-08-01 02:50:02,041 - __main__ - INFO - ++ Starting User: meganamram
2017-08-01 02:50:02,183 - __main__ - INFO - ++ Got Timeline for meganamram with last tweetId [u'892256100094849025']
2017-08-01 02:50:02,184 - __main__ - INFO - -- Update finished.
2017-08-01 03:00:01,600 - __main__ - INFO - ++ Starting User: jasonisbell
2017-08-01 03:00:01,921 - __main__ - INFO - ++ Got Timeline for jasonisbell with last tweetId [u'892224221610422273']
2017-08-01 03:00:01,921 - __main__ - INFO - ++ Starting User: neverminding
2017-08-01 03:00:02,272 - __main__ - INFO - ++ Got Timeline for neverminding with last tweetId [u'892074199912677376']
2017-08-01 03:00:02,272 - __main__ - INFO - ++ Starting User: amandashires
2017-08-01 03:00:02,467 - __main__ - INFO - ++ Got Timeline for amandashires with last tweetId [u'889825742128893952']
2017-08-01 03:00:02,467 - __main__ - INFO - ++ Starting User: meganamram
2017-08-01 03:00:02,555 - __main__ - INFO - ++ Got Timeline for meganamram with last tweetId [u'892256100094849025']
2017-08-01 03:00:02,555 - __main__ - INFO - -- Update finished.
2017-08-01 03:10:01,677 - __main__ - INFO - ++ Starting User: jasonisbell
2017-08-01 03:10:01,994 - __main__ - INFO - ++ Got Timeline for jasonisbell with last tweetId [u'892224221610422273']
2017-08-01 03:10:01,994 - __main__ - INFO - ++ Starting User: neverminding
2017-08-01 03:10:02,151 - __main__ - INFO - ++ Got Timeline for neverminding with last tweetId [u'892074199912677376']
2017-08-01 03:10:02,151 - __main__ - INFO - ++ Starting User: amandashires
2017-08-01 03:10:02,238 - __main__ - INFO - ++ Got Timeline for amandashires with last tweetId [u'889825742128893952']
2017-08-01 03:10:02,238 - __main__ - INFO - ++ Starting User: meganamram
2017-08-01 03:10:02,332 - __main__ - INFO - ++ Got Timeline for meganamram with last tweetId [u'892256100094849025']
2017-08-01 03:10:02,332 - __main__ - INFO - -- Update finished.
2017-08-01 03:20:01,734 - __main__ - INFO - ++ Starting User: jasonisbell
2017-08-01 03:20:02,057 - __main__ - INFO - ++ Got Timeline for jasonisbell with last tweetId [u'892224221610422273']
2017-08-01 03:20:02,057 - __main__ - INFO - ++ Starting User: neverminding
2017-08-01 03:20:02,441 - __main__ - INFO - ++ Got Timeline for neverminding with last tweetId [u'892074199912677376']
2017-08-01 03:20:02,441 - __main__ - INFO - ++ Starting User: amandashires
2017-08-01 03:20:02,535 - __main__ - INFO - ++ Got Timeline for amandashires with last tweetId [u'889825742128893952']
2017-08-01 03:20:02,535 - __main__ - INFO - ++ Starting User: meganamram
2017-08-01 03:20:02,660 - __main__ - INFO - ++ Got Timeline for meganamram with last tweetId [u'892256100094849025']
2017-08-01 03:20:02,661 - __main__ - INFO - -- Update finished.
2017-08-01 03:30:01,802 - __main__ - INFO - ++ Starting User: jasonisbell
2017-08-01 03:30:02,156 - __main__ - INFO - ++ Got Timeline for jasonisbell with last tweetId [u'892224221610422273']
2017-08-01 03:30:02,156 - __main__ - INFO - ++ Starting User: neverminding
2017-08-01 03:30:02,295 - __main__ - INFO - ++ Got Timeline for neverminding with last tweetId [u'892074199912677376']
2017-08-01 03:30:02,295 - __main__ - INFO - ++ Starting User: amandashires
2017-08-01 03:30:02,419 - __main__ - INFO - ++ Got Timeline for amandashires with last tweetId [u'889825742128893952']
2017-08-01 03:30:02,419 - __main__ - INFO - ++ Starting User: meganamram
2017-08-01 03:30:02,504 - __main__ - INFO - ++ Got Timeline for meganamram with last tweetId [u'892256100094849025']
2017-08-01 03:30:02,504 - __main__ - INFO - -- Update finished.
2017-08-01 03:40:01,861 - __main__ - INFO - ++ Starting User: jasonisbell
2017-08-01 03:40:02,182 - __main__ - INFO - ++ Got Timeline for jasonisbell with last tweetId [u'892224221610422273']
2017-08-01 03:40:02,182 - __main__ - INFO - ++ Starting User: neverminding
2017-08-01 03:40:02,312 - __main__ - INFO - ++ Got Timeline for neverminding with last tweetId [u'892074199912677376']
2017-08-01 03:40:02,312 - __main__ - INFO - ++ Starting User: amandashires
2017-08-01 03:40:02,400 - __main__ - INFO - ++ Got Timeline for amandashires with last tweetId [u'889825742128893952']
2017-08-01 03:40:02,401 - __main__ - INFO - ++ Starting User: meganamram
2017-08-01 03:40:02,487 - __main__ - INFO - ++ Got Timeline for meganamram with last tweetId [u'892256100094849025']
2017-08-01 03:40:02,487 - __main__ - INFO - -- Update finished.
2017-08-01 03:50:01,935 - __main__ - INFO - ++ Starting User: jasonisbell
2017-08-01 03:50:02,243 - __main__ - INFO - ++ Got Timeline for jasonisbell with last tweetId [u'892224221610422273']
2017-08-01 03:50:02,243 - __main__ - INFO - ++ Starting User: neverminding
2017-08-01 03:50:02,913 - __main__ - INFO - ++ Got Timeline for neverminding with last tweetId [u'892074199912677376']
2017-08-01 03:50:02,913 - __main__ - INFO - ++ Starting User: amandashires
2017-08-01 03:50:03,003 - __main__ - INFO - ++ Got Timeline for amandashires with last tweetId [u'889825742128893952']
2017-08-01 03:50:03,003 - __main__ - INFO - ++ Starting User: meganamram
2017-08-01 03:50:03,102 - __main__ - INFO - ++ Got Timeline for meganamram with last tweetId [u'892256100094849025']
2017-08-01 03:50:03,103 - __main__ - INFO - -- Update finished.
2017-08-01 04:00:02,026 - __main__ - INFO - ++ Starting User: jasonisbell
2017-08-01 04:00:03,156 - __main__ - INFO - ++ Got Timeline for jasonisbell with last tweetId [u'892224221610422273']
2017-08-01 04:00:03,156 - __main__ - INFO - ++ Starting User: neverminding
2017-08-01 04:00:03,296 - __main__ - INFO - ++ Got Timeline for neverminding with last tweetId [u'892074199912677376']
2017-08-01 04:00:03,297 - __main__ - INFO - ++ Starting User: amandashires
2017-08-01 04:00:03,377 - __main__ - INFO - ++ Got Timeline for amandashires with last tweetId [u'889825742128893952']
2017-08-01 04:00:03,377 - __main__ - INFO - ++ Starting User: meganamram
2017-08-01 04:00:03,473 - __main__ - INFO - ++ Got Timeline for meganamram with last tweetId [u'892256100094849025']
2017-08-01 04:00:03,473 - __main__ - INFO - -- Update finished.
2017-08-01 04:10:02,054 - __main__ - INFO - ++ Starting User: jasonisbell
2017-08-01 04:10:02,575 - __main__ - INFO - ++ Got Timeline for jasonisbell with last tweetId [u'892224221610422273']
2017-08-01 04:10:02,575 - __main__ - INFO - ++ Starting User: neverminding
2017-08-01 04:10:02,727 - __main__ - INFO - ++ Got Timeline for neverminding with last tweetId [u'892074199912677376']
2017-08-01 04:10:02,727 - __main__ - INFO - ++ Starting User: amandashires
2017-08-01 04:10:02,812 - __main__ - INFO - ++ Got Timeline for amandashires with last tweetId [u'889825742128893952']
2017-08-01 04:10:02,813 - __main__ - INFO - ++ Starting User: meganamram
2017-08-01 04:10:02,902 - __main__ - INFO - ++ Got Timeline for meganamram with last tweetId [u'892256100094849025']
2017-08-01 04:10:02,902 - __main__ - INFO - -- Update finished.
2017-08-01 04:20:01,113 - __main__ - INFO - ++ Starting User: jasonisbell
2017-08-01 04:20:01,410 - __main__ - INFO - ++ Got Timeline for jasonisbell with last tweetId [u'892224221610422273']
2017-08-01 04:20:01,410 - __main__ - INFO - ++ Starting User: neverminding
2017-08-01 04:20:01,514 - __main__ - INFO - ++ Got Timeline for neverminding with last tweetId [u'892074199912677376']
2017-08-01 04:20:01,514 - __main__ - INFO - ++ Starting User: amandashires
2017-08-01 04:20:01,606 - __main__ - INFO - ++ Got Timeline for amandashires with last tweetId [u'889825742128893952']
2017-08-01 04:20:01,606 - __main__ - INFO - ++ Starting User: meganamram
2017-08-01 04:20:01,695 - __main__ - INFO - ++ Got Timeline for meganamram with last tweetId [u'892256100094849025']
2017-08-01 04:20:01,695 - __main__ - INFO - -- Update finished.
2017-08-01 04:30:01,180 - __main__ - INFO - ++ Starting User: jasonisbell
2017-08-01 04:30:01,461 - __main__ - INFO - ++ Got Timeline for jasonisbell with last tweetId [u'892224221610422273']
2017-08-01 04:30:01,461 - __main__ - INFO - ++ Starting User: neverminding
2017-08-01 04:30:01,874 - __main__ - INFO - ++ Got Timeline for neverminding with last tweetId [u'892074199912677376']
2017-08-01 04:30:01,874 - __main__ - INFO - ++ Starting User: amandashires
2017-08-01 04:30:01,965 - __main__ - INFO - ++ Got Timeline for amandashires with last tweetId [u'889825742128893952']
2017-08-01 04:30:01,965 - __main__ - INFO - ++ Starting User: meganamram
2017-08-01 04:30:03,068 - __main__ - INFO - ++ Got Timeline for meganamram with last tweetId [u'892256100094849025']
2017-08-01 04:30:03,068 - __main__ - INFO - -- Update finished.
2017-08-01 04:40:01,254 - __main__ - INFO - ++ Starting User: jasonisbell
2017-08-01 04:40:01,547 - __main__ - INFO - ++ Got Timeline for jasonisbell with last tweetId [u'892224221610422273']
2017-08-01 04:40:01,547 - __main__ - INFO - ++ Starting User: neverminding
2017-08-01 04:40:01,706 - __main__ - INFO - ++ Got Timeline for neverminding with last tweetId [u'892074199912677376']
2017-08-01 04:40:01,706 - __main__ - INFO - ++ Starting User: amandashires
2017-08-01 04:40:01,793 - __main__ - INFO - ++ Got Timeline for amandashires with last tweetId [u'889825742128893952']
2017-08-01 04:40:01,794 - __main__ - INFO - ++ Starting User: meganamram
2017-08-01 04:40:01,876 - __main__ - INFO - ++ Got Timeline for meganamram with last tweetId [u'892256100094849025']
2017-08-01 04:40:01,876 - __main__ - INFO - -- Update finished.
2017-08-01 04:50:01,319 - __main__ - INFO - ++ Starting User: jasonisbell
2017-08-01 04:50:01,659 - __main__ - INFO - ++ Got Timeline for jasonisbell with last tweetId [u'892224221610422273']
2017-08-01 04:50:01,659 - __main__ - INFO - ++ Starting User: neverminding
2017-08-01 04:50:02,242 - __main__ - INFO - ++ Got Timeline for neverminding with last tweetId [u'892074199912677376']
2017-08-01 04:50:02,242 - __main__ - INFO - ++ Starting User: amandashires
2017-08-01 04:50:02,329 - __main__ - INFO - ++ Got Timeline for amandashires with last tweetId [u'889825742128893952']
2017-08-01 04:50:02,330 - __main__ - INFO - ++ Starting User: meganamram
2017-08-01 04:50:03,280 - __main__ - INFO - ++ Got Timeline for meganamram with last tweetId [u'892256100094849025']
2017-08-01 04:50:03,280 - __main__ - INFO - -- Update finished.
